[2020-11-21 11:14:40] local.ERROR: SQLSTATE[42S02]: Base table or view not found: 1146 Table 'laravel8.users' doesn't exist (SQL: select * from `users` where `email` = druvis@inbox.lv limit 1) {"exception":"[object] (Illuminate\\Database\\QueryException(code: 42S02): SQLSTATE[42S02]: Base table or view not found: 1146 Table 'laravel8.users' doesn't exist (SQL: select * from `users` where `email` = druvis@inbox.lv limit 1) at /home/druvis/PhpstormProjects/laravel3/example-blog/vendor/laravel/framework/src/Illuminate/Database/Connection.php:671)
[stacktrace]
#0 /home/druvis/PhpstormProjects/laravel3/example-blog/vendor/laravel/framework/src/Illuminate/Database/Connection.php(631): Illuminate\\Database\\Connection->runQueryCallback()
#1 /home/druvis/PhpstormProjects/laravel3/example-blog/vendor/laravel/framework/src/Illuminate/Database/Connection.php(339): Illuminate\\Database\\Connection->run()
#2 /home/druvis/PhpstormProjects/laravel3/example-blog/vendor/laravel/framework/src/Illuminate/Database/Query/Builder.php(2303): Illuminate\\Database\\Connection->select()
#3 /home/druvis/PhpstormProjects/laravel3/example-blog/vendor/laravel/framework/src/Illuminate/Database/Query/Builder.php(2291): Illuminate\\Database\\Query\\Builder->runSelect()
#4 /home/druvis/PhpstormProjects/laravel3/example-blog/vendor/laravel/framework/src/Illuminate/Database/Query/Builder.php(2786): Illuminate\\Database\\Query\\Builder->Illuminate\\Database\\Query\\{closure}()
#5 /home/druvis/PhpstormProjects/laravel3/example-blog/vendor/laravel/framework/src/Illuminate/Database/Query/Builder.php(2292): Illuminate\\Database\\Query\\Builder->onceWithColumns()
#6 /home/druvis/PhpstormProjects/laravel3/example-blog/vendor/laravel/framework/src/Illuminate/Database/Eloquent/Builder.php(549): Illuminate\\Database\\Query\\Builder->get()
#7 /home/druvis/PhpstormProjects/laravel3/example-blog/vendor/laravel/framework/src/Illuminate/Database/Eloquent/Builder.php(533): Illuminate\\Database\\Eloquent\\Builder->getModels()
#8 /home/druvis/PhpstormProjects/laravel3/example-blog/vendor/laravel/framework/src/Illuminate/Database/Concerns/BuildsQueries.php(147): Illuminate\\Database\\Eloquent\\Builder->get()
#9 /home/druvis/PhpstormProjects/laravel3/example-blog/vendor/laravel/framework/src/Illuminate/Auth/EloquentUserProvider.php(131): Illuminate\\Database\\Eloquent\\Builder->first()
#10 /home/druvis/PhpstormProjects/laravel3/example-blog/vendor/laravel/framework/src/Illuminate/Auth/SessionGuard.php(357): Illuminate\\Auth\\EloquentUserProvider->retrieveByCredentials()
#11 /home/druvis/PhpstormProjects/laravel3/example-blog/vendor/laravel/ui/auth-backend/AuthenticatesUsers.php(83): Illuminate\\Auth\\SessionGuard->attempt()
#12 /home/druvis/PhpstormProjects/laravel3/example-blog/vendor/laravel/ui/auth-backend/AuthenticatesUsers.php(46): App\\Http\\Controllers\\Auth\\LoginController->attemptLogin()
#13 /home/druvis/PhpstormProjects/laravel3/example-blog/vendor/laravel/framework/src/Illuminate/Routing/Controller.php(54): App\\Http\\Controllers\\Auth\\LoginController->login()
#14 /home/druvis/PhpstormProjects/laravel3/example-blog/vendor/laravel/framework/src/Illuminate/Routing/ControllerDispatcher.php(45): Illuminate\\Routing\\Controller->callAction()
#15 /home/druvis/PhpstormProjects/laravel3/example-blog/vendor/laravel/framework/src/Illuminate/Routing/Route.php(255): Illuminate\\Routing\\ControllerDispatcher->dispatch()
#16 /home/druvis/PhpstormProjects/laravel3/example-blog/vendor/laravel/framework/src/Illuminate/Routing/Route.php(197): Illuminate\\Routing\\Route->runController()
#17 /home/druvis/PhpstormProjects/laravel3/example-blog/vendor/laravel/framework/src/Illuminate/Routing/Router.php(691): Illuminate\\Routing\\Route->run()
#18 /home/druvis/PhpstormProjects/laravel3/example-blog/vendor/laravel/framework/src/Illuminate/Pipeline/Pipeline.php(128): Illuminate\\Routing\\Router->Illuminate\\Routing\\{closure}()
#19 /home/druvis/PhpstormProjects/laravel3/example-blog/app/Http/Middleware/RedirectIfAuthenticated.php(30): Illuminate\\Pipeline\\Pipeline->Illuminate\\Pipeline\\{closure}()
#20 /home/druvis/PhpstormProjects/laravel3/example-blog/vendor/laravel/framework/src/Illuminate/Pipeline/Pipeline.php(167): App\\Http\\Middleware\\RedirectIfAuthenticated->handle()
#21 /home/druvis/PhpstormProjects/laravel3/example-blog/vendor/laravel/framework/src/Illuminate/Routing/Middleware/SubstituteBindings.php(41): Illuminate\\Pipeline\\Pipeline->Illuminate\\Pipeline\\{closure}()
#22 /home/druvis/PhpstormProjects/laravel3/example-blog/vendor/laravel/framework/src/Illuminate/Pipeline/Pipeline.php(167): Illuminate\\Routing\\Middleware\\SubstituteBindings->handle()
#23 /home/druvis/PhpstormProjects/laravel3/example-blog/vendor/laravel/framework/src/Illuminate/Foundation/Http/Middleware/VerifyCsrfToken.php(77): Illuminate\\Pipeline\\Pipeline->Illuminate\\Pipeline\\{closure}()
#24 /home/druvis/PhpstormProjects/laravel3/example-blog/vendor/laravel/framework/src/Illuminate/Pipeline/Pipeline.php(167): Illuminate\\Foundation\\Http\\Middleware\\VerifyCsrfToken->handle()
#25 /home/druvis/PhpstormProjects/laravel3/example-blog/vendor/laravel/framework/src/Illuminate/View/Middleware/ShareErrorsFromSession.php(49): Illuminate\\Pipeline\\Pipeline->Illuminate\\Pipeline\\{closure}()
#26 /home/druvis/PhpstormProjects/laravel3/example-blog/vendor/laravel/framework/src/Illuminate/Pipeline/Pipeline.php(167): Illuminate\\View\\Middleware\\ShareErrorsFromSession->handle()
#27 /home/druvis/PhpstormProjects/laravel3/example-blog/vendor/laravel/framework/src/Illuminate/Session/Middleware/StartSession.php(121): Illuminate\\Pipeline\\Pipeline->Illuminate\\Pipeline\\{closure}()
#28 /home/druvis/PhpstormProjects/laravel3/example-blog/vendor/laravel/framework/src/Illuminate/Session/Middleware/StartSession.php(63): Illuminate\\Session\\Middleware\\StartSession->handleStatefulRequest()
#29 /home/druvis/PhpstormProjects/laravel3/example-blog/vendor/laravel/framework/src/Illuminate/Pipeline/Pipeline.php(167): Illuminate\\Session\\Middleware\\StartSession->handle()
#30 /home/druvis/PhpstormProjects/laravel3/example-blog/vendor/laravel/framework/src/Illuminate/Cookie/Middleware/AddQueuedCookiesToResponse.php(37): Illuminate\\Pipeline\\Pipeline->Illuminate\\Pipeline\\{closure}()
#31 /home/druvis/PhpstormProjects/laravel3/example-blog/vendor/laravel/framework/src/Illuminate/Pipeline/Pipeline.php(167): Illuminate\\Cookie\\Middleware\\AddQueuedCookiesToResponse->handle()
#32 /home/druvis/PhpstormProjects/laravel3/example-blog/vendor/laravel/framework/src/Illuminate/Cookie/Middleware/EncryptCookies.php(67): Illuminate\\Pipeline\\Pipeline->Illuminate\\Pipeline\\{closure}()
#33 /home/druvis/PhpstormProjects/laravel3/example-blog/vendor/laravel/framework/src/Illuminate/Pipeline/Pipeline.php(167): Illuminate\\Cookie\\Middleware\\EncryptCookies->handle()
#34 /home/druvis/PhpstormProjects/laravel3/example-blog/vendor/laravel/framework/src/Illuminate/Pipeline/Pipeline.php(103): Illuminate\\Pipeline\\Pipeline->Illuminate\\Pipeline\\{closure}()
#35 /home/druvis/PhpstormProjects/laravel3/example-blog/vendor/laravel/framework/src/Illuminate/Routing/Router.php(693): Illuminate\\Pipeline\\Pipeline->then()
#36 /home/druvis/PhpstormProjects/laravel3/example-blog/vendor/laravel/framework/src/Illuminate/Routing/Router.php(668): Illuminate\\Routing\\Router->runRouteWithinStack()
#37 /home/druvis/PhpstormProjects/laravel3/example-blog/vendor/laravel/framework/src/Illuminate/Routing/Router.php(634): Illuminate\\Routing\\Router->runRoute()
#38 /home/druvis/PhpstormProjects/laravel3/example-blog/vendor/laravel/framework/src/Illuminate/Routing/Router.php(623): Illuminate\\Routing\\Router->dispatchToRoute()
#39 /home/druvis/PhpstormProjects/laravel3/example-blog/vendor/laravel/framework/src/Illuminate/Foundation/Http/Kernel.php(166): Illuminate\\Routing\\Router->dispatch()
#40 /home/druvis/PhpstormProjects/laravel3/example-blog/vendor/laravel/framework/src/Illuminate/Pipeline/Pipeline.php(128): Illuminate\\Foundation\\Http\\Kernel->Illuminate\\Foundation\\Http\\{closure}()
#41 /home/druvis/PhpstormProjects/laravel3/example-blog/vendor/laravel/framework/src/Illuminate/Foundation/Http/Middleware/TransformsRequest.php(21): Illuminate\\Pipeline\\Pipeline->Illuminate\\Pipeline\\{closure}()
#42 /home/druvis/PhpstormProjects/laravel3/example-blog/vendor/laravel/framework/src/Illuminate/Pipeline/Pipeline.php(167): Illuminate\\Foundation\\Http\\Middleware\\TransformsRequest->handle()
#43 /home/druvis/PhpstormProjects/laravel3/example-blog/vendor/laravel/framework/src/Illuminate/Foundation/Http/Middleware/TransformsRequest.php(21): Illuminate\\Pipeline\\Pipeline->Illuminate\\Pipeline\\{closure}()
#44 /home/druvis/PhpstormProjects/laravel3/example-blog/vendor/laravel/framework/src/Illuminate/Pipeline/Pipeline.php(167): Illuminate\\Foundation\\Http\\Middleware\\TransformsRequest->handle()
#45 /home/druvis/PhpstormProjects/laravel3/example-blog/vendor/laravel/framework/src/Illuminate/Foundation/Http/Middleware/ValidatePostSize.php(27): Illuminate\\Pipeline\\Pipeline->Illuminate\\Pipeline\\{closure}()
#46 /home/druvis/PhpstormProjects/laravel3/example-blog/vendor/laravel/framework/src/Illuminate/Pipeline/Pipeline.php(167): Illuminate\\Foundation\\Http\\Middleware\\ValidatePostSize->handle()
#47 /home/druvis/PhpstormProjects/laravel3/example-blog/vendor/laravel/framework/src/Illuminate/Foundation/Http/Middleware/PreventRequestsDuringMaintenance.php(87): Illuminate\\Pipeline\\Pipeline->Illuminate\\Pipeline\\{closure}()
#48 /home/druvis/PhpstormProjects/laravel3/example-blog/vendor/laravel/framework/src/Illuminate/Pipeline/Pipeline.php(167): Illuminate\\Foundation\\Http\\Middleware\\PreventRequestsDuringMaintenance->handle()
#49 /home/druvis/PhpstormProjects/laravel3/example-blog/vendor/fruitcake/laravel-cors/src/HandleCors.php(37): Illuminate\\Pipeline\\Pipeline->Illuminate\\Pipeline\\{closure}()
#50 /home/druvis/PhpstormProjects/laravel3/example-blog/vendor/laravel/framework/src/Illuminate/Pipeline/Pipeline.php(167): Fruitcake\\Cors\\HandleCors->handle()
#51 /home/druvis/PhpstormProjects/laravel3/example-blog/vendor/fideloper/proxy/src/TrustProxies.php(57): Illuminate\\Pipeline\\Pipeline->Illuminate\\Pipeline\\{closure}()
#52 /home/druvis/PhpstormProjects/laravel3/example-blog/vendor/laravel/framework/src/Illuminate/Pipeline/Pipeline.php(167): Fideloper\\Proxy\\TrustProxies->handle()
#53 /home/druvis/PhpstormProjects/laravel3/example-blog/vendor/laravel/framework/src/Illuminate/Pipeline/Pipeline.php(103): Illuminate\\Pipeline\\Pipeline->Illuminate\\Pipeline\\{closure}()
#54 /home/druvis/PhpstormProjects/laravel3/example-blog/vendor/laravel/framework/src/Illuminate/Foundation/Http/Kernel.php(141): Illuminate\\Pipeline\\Pipeline->then()
#55 /home/druvis/PhpstormProjects/laravel3/example-blog/vendor/laravel/framework/src/Illuminate/Foundation/Http/Kernel.php(110): Illuminate\\Foundation\\Http\\Kernel->sendRequestThroughRouter()
#56 /home/druvis/PhpstormProjects/laravel3/example-blog/public/index.php(52): Illuminate\\Foundation\\Http\\Kernel->handle()
#57 /home/druvis/PhpstormProjects/laravel3/example-blog/server.php(21): require_once('/home/druvis/Ph...')
#58 {main}

[previous exception] [object] (PDOException(code: 42S02): SQLSTATE[42S02]: Base table or view not found: 1146 Table 'laravel8.users' doesn't exist at /home/druvis/PhpstormProjects/laravel3/example-blog/vendor/laravel/framework/src/Illuminate/Database/Connection.php:331)
[stacktrace]
#0 /home/druvis/PhpstormProjects/laravel3/example-blog/vendor/laravel/framework/src/Illuminate/Database/Connection.php(331): PDO->prepare()
#1 /home/druvis/PhpstormProjects/laravel3/example-blog/vendor/laravel/framework/src/Illuminate/Database/Connection.php(664): Illuminate\\Database\\Connection->Illuminate\\Database\\{closure}()
#2 /home/druvis/PhpstormProjects/laravel3/example-blog/vendor/laravel/framework/src/Illuminate/Database/Connection.php(631): Illuminate\\Database\\Connection->runQueryCallback()
#3 /home/druvis/PhpstormProjects/laravel3/example-blog/vendor/laravel/framework/src/Illuminate/Database/Connection.php(339): Illuminate\\Database\\Connection->run()
#4 /home/druvis/PhpstormProjects/laravel3/example-blog/vendor/laravel/framework/src/Illuminate/Database/Query/Builder.php(2303): Illuminate\\Database\\Connection->select()
#5 /home/druvis/PhpstormProjects/laravel3/example-blog/vendor/laravel/framework/src/Illuminate/Database/Query/Builder.php(2291): Illuminate\\Database\\Query\\Builder->runSelect()
#6 /home/druvis/PhpstormProjects/laravel3/example-blog/vendor/laravel/framework/src/Illuminate/Database/Query/Builder.php(2786): Illuminate\\Database\\Query\\Builder->Illuminate\\Database\\Query\\{closure}()
#7 /home/druvis/PhpstormProjects/laravel3/example-blog/vendor/laravel/framework/src/Illuminate/Database/Query/Builder.php(2292): Illuminate\\Database\\Query\\Builder->onceWithColumns()
#8 /home/druvis/PhpstormProjects/laravel3/example-blog/vendor/laravel/framework/src/Illuminate/Database/Eloquent/Builder.php(549): Illuminate\\Database\\Query\\Builder->get()
#9 /home/druvis/PhpstormProjects/laravel3/example-blog/vendor/laravel/framework/src/Illuminate/Database/Eloquent/Builder.php(533): Illuminate\\Database\\Eloquent\\Builder->getModels()
#10 /home/druvis/PhpstormProjects/laravel3/example-blog/vendor/laravel/framework/src/Illuminate/Database/Concerns/BuildsQueries.php(147): Illuminate\\Database\\Eloquent\\Builder->get()
#11 /home/druvis/PhpstormProjects/laravel3/example-blog/vendor/laravel/framework/src/Illuminate/Auth/EloquentUserProvider.php(131): Illuminate\\Database\\Eloquent\\Builder->first()
#12 /home/druvis/PhpstormProjects/laravel3/example-blog/vendor/laravel/framework/src/Illuminate/Auth/SessionGuard.php(357): Illuminate\\Auth\\EloquentUserProvider->retrieveByCredentials()
#13 /home/druvis/PhpstormProjects/laravel3/example-blog/vendor/laravel/ui/auth-backend/AuthenticatesUsers.php(83): Illuminate\\Auth\\SessionGuard->attempt()
#14 /home/druvis/PhpstormProjects/laravel3/example-blog/vendor/laravel/ui/auth-backend/AuthenticatesUsers.php(46): App\\Http\\Controllers\\Auth\\LoginController->attemptLogin()
#15 /home/druvis/PhpstormProjects/laravel3/example-blog/vendor/laravel/framework/src/Illuminate/Routing/Controller.php(54): App\\Http\\Controllers\\Auth\\LoginController->login()
#16 /home/druvis/PhpstormProjects/laravel3/example-blog/vendor/laravel/framework/src/Illuminate/Routing/ControllerDispatcher.php(45): Illuminate\\Routing\\Controller->callAction()
#17 /home/druvis/PhpstormProjects/laravel3/example-blog/vendor/laravel/framework/src/Illuminate/Routing/Route.php(255): Illuminate\\Routing\\ControllerDispatcher->dispatch()
#18 /home/druvis/PhpstormProjects/laravel3/example-blog/vendor/laravel/framework/src/Illuminate/Routing/Route.php(197): Illuminate\\Routing\\Route->runController()
#19 /home/druvis/PhpstormProjects/laravel3/example-blog/vendor/laravel/framework/src/Illuminate/Routing/Router.php(691): Illuminate\\Routing\\Route->run()
#20 /home/druvis/PhpstormProjects/laravel3/example-blog/vendor/laravel/framework/src/Illuminate/Pipeline/Pipeline.php(128): Illuminate\\Routing\\Router->Illuminate\\Routing\\{closure}()
#21 /home/druvis/PhpstormProjects/laravel3/example-blog/app/Http/Middleware/RedirectIfAuthenticated.php(30): Illuminate\\Pipeline\\Pipeline->Illuminate\\Pipeline\\{closure}()
#22 /home/druvis/PhpstormProjects/laravel3/example-blog/vendor/laravel/framework/src/Illuminate/Pipeline/Pipeline.php(167): App\\Http\\Middleware\\RedirectIfAuthenticated->handle()
#23 /home/druvis/PhpstormProjects/laravel3/example-blog/vendor/laravel/framework/src/Illuminate/Routing/Middleware/SubstituteBindings.php(41): Illuminate\\Pipeline\\Pipeline->Illuminate\\Pipeline\\{closure}()
#24 /home/druvis/PhpstormProjects/laravel3/example-blog/vendor/laravel/framework/src/Illuminate/Pipeline/Pipeline.php(167): Illuminate\\Routing\\Middleware\\SubstituteBindings->handle()
#25 /home/druvis/PhpstormProjects/laravel3/example-blog/vendor/laravel/framework/src/Illuminate/Foundation/Http/Middleware/VerifyCsrfToken.php(77): Illuminate\\Pipeline\\Pipeline->Illuminate\\Pipeline\\{closure}()
#26 /home/druvis/PhpstormProjects/laravel3/example-blog/vendor/laravel/framework/src/Illuminate/Pipeline/Pipeline.php(167): Illuminate\\Foundation\\Http\\Middleware\\VerifyCsrfToken->handle()
#27 /home/druvis/PhpstormProjects/laravel3/example-blog/vendor/laravel/framework/src/Illuminate/View/Middleware/ShareErrorsFromSession.php(49): Illuminate\\Pipeline\\Pipeline->Illuminate\\Pipeline\\{closure}()
#28 /home/druvis/PhpstormProjects/laravel3/example-blog/vendor/laravel/framework/src/Illuminate/Pipeline/Pipeline.php(167): Illuminate\\View\\Middleware\\ShareErrorsFromSession->handle()
#29 /home/druvis/PhpstormProjects/laravel3/example-blog/vendor/laravel/framework/src/Illuminate/Session/Middleware/StartSession.php(121): Illuminate\\Pipeline\\Pipeline->Illuminate\\Pipeline\\{closure}()
#30 /home/druvis/PhpstormProjects/laravel3/example-blog/vendor/laravel/framework/src/Illuminate/Session/Middleware/StartSession.php(63): Illuminate\\Session\\Middleware\\StartSession->handleStatefulRequest()
#31 /home/druvis/PhpstormProjects/laravel3/example-blog/vendor/laravel/framework/src/Illuminate/Pipeline/Pipeline.php(167): Illuminate\\Session\\Middleware\\StartSession->handle()
#32 /home/druvis/PhpstormProjects/laravel3/example-blog/vendor/laravel/framework/src/Illuminate/Cookie/Middleware/AddQueuedCookiesToResponse.php(37): Illuminate\\Pipeline\\Pipeline->Illuminate\\Pipeline\\{closure}()
#33 /home/druvis/PhpstormProjects/laravel3/example-blog/vendor/laravel/framework/src/Illuminate/Pipeline/Pipeline.php(167): Illuminate\\Cookie\\Middleware\\AddQueuedCookiesToResponse->handle()
#34 /home/druvis/PhpstormProjects/laravel3/example-blog/vendor/laravel/framework/src/Illuminate/Cookie/Middleware/EncryptCookies.php(67): Illuminate\\Pipeline\\Pipeline->Illuminate\\Pipeline\\{closure}()
#35 /home/druvis/PhpstormProjects/laravel3/example-blog/vendor/laravel/framework/src/Illuminate/Pipeline/Pipeline.php(167): Illuminate\\Cookie\\Middleware\\EncryptCookies->handle()
#36 /home/druvis/PhpstormProjects/laravel3/example-blog/vendor/laravel/framework/src/Illuminate/Pipeline/Pipeline.php(103): Illuminate\\Pipeline\\Pipeline->Illuminate\\Pipeline\\{closure}()
#37 /home/druvis/PhpstormProjects/laravel3/example-blog/vendor/laravel/framework/src/Illuminate/Routing/Router.php(693): Illuminate\\Pipeline\\Pipeline->then()
#38 /home/druvis/PhpstormProjects/laravel3/example-blog/vendor/laravel/framework/src/Illuminate/Routing/Router.php(668): Illuminate\\Routing\\Router->runRouteWithinStack()
#39 /home/druvis/PhpstormProjects/laravel3/example-blog/vendor/laravel/framework/src/Illuminate/Routing/Router.php(634): Illuminate\\Routing\\Router->runRoute()
#40 /home/druvis/PhpstormProjects/laravel3/example-blog/vendor/laravel/framework/src/Illuminate/Routing/Router.php(623): Illuminate\\Routing\\Router->dispatchToRoute()
#41 /home/druvis/PhpstormProjects/laravel3/example-blog/vendor/laravel/framework/src/Illuminate/Foundation/Http/Kernel.php(166): Illuminate\\Routing\\Router->dispatch()
#42 /home/druvis/PhpstormProjects/laravel3/example-blog/vendor/laravel/framework/src/Illuminate/Pipeline/Pipeline.php(128): Illuminate\\Foundation\\Http\\Kernel->Illuminate\\Foundation\\Http\\{closure}()
#43 /home/druvis/PhpstormProjects/laravel3/example-blog/vendor/laravel/framework/src/Illuminate/Foundation/Http/Middleware/TransformsRequest.php(21): Illuminate\\Pipeline\\Pipeline->Illuminate\\Pipeline\\{closure}()
#44 /home/druvis/PhpstormProjects/laravel3/example-blog/vendor/laravel/framework/src/Illuminate/Pipeline/Pipeline.php(167): Illuminate\\Foundation\\Http\\Middleware\\TransformsRequest->handle()
#45 /home/druvis/PhpstormProjects/laravel3/example-blog/vendor/laravel/framework/src/Illuminate/Foundation/Http/Middleware/TransformsRequest.php(21): Illuminate\\Pipeline\\Pipeline->Illuminate\\Pipeline\\{closure}()
#46 /home/druvis/PhpstormProjects/laravel3/example-blog/vendor/laravel/framework/src/Illuminate/Pipeline/Pipeline.php(167): Illuminate\\Foundation\\Http\\Middleware\\TransformsRequest->handle()
#47 /home/druvis/PhpstormProjects/laravel3/example-blog/vendor/laravel/framework/src/Illuminate/Foundation/Http/Middleware/ValidatePostSize.php(27): Illuminate\\Pipeline\\Pipeline->Illuminate\\Pipeline\\{closure}()
#48 /home/druvis/PhpstormProjects/laravel3/example-blog/vendor/laravel/framework/src/Illuminate/Pipeline/Pipeline.php(167): Illuminate\\Foundation\\Http\\Middleware\\ValidatePostSize->handle()
#49 /home/druvis/PhpstormProjects/laravel3/example-blog/vendor/laravel/framework/src/Illuminate/Foundation/Http/Middleware/PreventRequestsDuringMaintenance.php(87): Illuminate\\Pipeline\\Pipeline->Illuminate\\Pipeline\\{closure}()
#50 /home/druvis/PhpstormProjects/laravel3/example-blog/vendor/laravel/framework/src/Illuminate/Pipeline/Pipeline.php(167): Illuminate\\Foundation\\Http\\Middleware\\PreventRequestsDuringMaintenance->handle()
#51 /home/druvis/PhpstormProjects/laravel3/example-blog/vendor/fruitcake/laravel-cors/src/HandleCors.php(37): Illuminate\\Pipeline\\Pipeline->Illuminate\\Pipeline\\{closure}()
#52 /home/druvis/PhpstormProjects/laravel3/example-blog/vendor/laravel/framework/src/Illuminate/Pipeline/Pipeline.php(167): Fruitcake\\Cors\\HandleCors->handle()
#53 /home/druvis/PhpstormProjects/laravel3/example-blog/vendor/fideloper/proxy/src/TrustProxies.php(57): Illuminate\\Pipeline\\Pipeline->Illuminate\\Pipeline\\{closure}()
#54 /home/druvis/PhpstormProjects/laravel3/example-blog/vendor/laravel/framework/src/Illuminate/Pipeline/Pipeline.php(167): Fideloper\\Proxy\\TrustProxies->handle()
#55 /home/druvis/PhpstormProjects/laravel3/example-blog/vendor/laravel/framework/src/Illuminate/Pipeline/Pipeline.php(103): Illuminate\\Pipeline\\Pipeline->Illuminate\\Pipeline\\{closure}()
#56 /home/druvis/PhpstormProjects/laravel3/example-blog/vendor/laravel/framework/src/Illuminate/Foundation/Http/Kernel.php(141): Illuminate\\Pipeline\\Pipeline->then()
#57 /home/druvis/PhpstormProjects/laravel3/example-blog/vendor/laravel/framework/src/Illuminate/Foundation/Http/Kernel.php(110): Illuminate\\Foundation\\Http\\Kernel->sendRequestThroughRouter()
#58 /home/druvis/PhpstormProjects/laravel3/example-blog/public/index.php(52): Illuminate\\Foundation\\Http\\Kernel->handle()
#59 /home/druvis/PhpstormProjects/laravel3/example-blog/server.php(21): require_once('/home/druvis/Ph...')
#60 {main}
"} 
